<?xml version="1.0" encoding="UTF-8"?>
<testng-results ignored="0" total="1" passed="1" failed="0" skipped="0">
  <reporter-output>
  </reporter-output>
  <suite started-at="2022-08-09T18:10:33 IST" name="Default suite" finished-at="2022-08-09T18:10:48 IST" duration-ms="14469">
    <groups>
    </groups>
    <test started-at="2022-08-09T18:10:33 IST" name="Default test" finished-at="2022-08-09T18:10:48 IST" duration-ms="14469">
      <class name="iOSDemoApp.LongPress">
        <test-method is-config="true" signature="ConfigureAppium()[pri:0, instance:iOSDemoApp.LongPress@2f217633]" started-at="2022-08-09T18:10:33 IST" name="ConfigureAppium" finished-at="2022-08-09T18:10:41 IST" duration-ms="7290" status="PASS">
          <reporter-output>
          </reporter-output>
        </test-method> <!-- ConfigureAppium -->
        <test-method signature="longPress()[pri:0, instance:iOSDemoApp.LongPress@2f217633]" started-at="2022-08-09T18:10:41 IST" name="longPress" finished-at="2022-08-09T18:10:47 IST" duration-ms="6028" status="PASS">
          <reporter-output>
          </reporter-output>
        </test-method> <!-- longPress -->
        <test-method is-config="true" signature="tearDown()[pri:0, instance:iOSDemoApp.LongPress@2f217633]" started-at="2022-08-09T18:10:47 IST" name="tearDown" finished-at="2022-08-09T18:10:48 IST" duration-ms="1087" status="PASS">
          <reporter-output>
          </reporter-output>
        </test-method> <!-- tearDown -->
      </class> <!-- iOSDemoApp.LongPress -->
    </test> <!-- Default test -->
  </suite> <!-- Default suite -->
</testng-results>
