<?xml version="1.0" encoding="UTF-8"?>
<testng-results ignored="0" total="1" passed="1" failed="0" skipped="0">
  <reporter-output>
  </reporter-output>
  <suite started-at="2022-07-23T21:12:54 IST" name="Default suite" finished-at="2022-07-23T21:13:12 IST" duration-ms="18263">
    <groups>
    </groups>
    <test started-at="2022-07-23T21:12:54 IST" name="Default test" finished-at="2022-07-23T21:13:12 IST" duration-ms="18263">
      <class name="smahuzaifaAppium.LongPress">
        <test-method is-config="true" signature="ConfigureAppium()[pri:0, instance:smahuzaifaAppium.LongPress@5ae50ce6]" started-at="2022-07-23T21:12:54 IST" name="ConfigureAppium" finished-at="2022-07-23T21:13:02 IST" duration-ms="8147" status="PASS">
          <reporter-output>
          </reporter-output>
        </test-method> <!-- ConfigureAppium -->
        <test-method signature="LongPressGesture()[pri:0, instance:smahuzaifaAppium.LongPress@5ae50ce6]" started-at="2022-07-23T21:13:02 IST" name="LongPressGesture" finished-at="2022-07-23T21:13:12 IST" duration-ms="9623" status="PASS">
          <reporter-output>
          </reporter-output>
        </test-method> <!-- LongPressGesture -->
        <test-method is-config="true" signature="tearDown()[pri:0, instance:smahuzaifaAppium.LongPress@5ae50ce6]" started-at="2022-07-23T21:13:12 IST" name="tearDown" finished-at="2022-07-23T21:13:12 IST" duration-ms="452" status="PASS">
          <reporter-output>
          </reporter-output>
        </test-method> <!-- tearDown -->
      </class> <!-- smahuzaifaAppium.LongPress -->
    </test> <!-- Default test -->
  </suite> <!-- Default suite -->
</testng-results>
